[master 9e748ff] updated on Sat Jul 26 10:41:49 PM IST 2025
 13 files changed, 119 insertions(+), 65 deletions(-)
 create mode 100644 cell.c
 create mode 100644 cell.h
 create mode 100644 cell.o
 create mode 100755 git.sh~
[master 2a1445f] updated on Sat Jul 26 10:44:49 PM IST 2025
 2 files changed, 8 insertions(+)
[master c36169c] updated on Sun Jul 27 12:09:47 PM IST 2025
 8 files changed, 62 insertions(+), 6 deletions(-)
[master fcc64e9] updated on Sun Jul 27 01:35:06 PM IST 2025
 6 files changed, 59 insertions(+), 17 deletions(-)
[master 974f9ef] updated on Sun Jul 27 01:36:08 PM IST 2025
 3 files changed, 5 insertions(+), 1 deletion(-)
[master b374b81] updated on Sun Jul 27 02:25:31 PM IST 2025
 9 files changed, 29 insertions(+), 27 deletions(-)
[master 4ef0bc8] updated on Sun Jul 27 02:25:37 PM IST 2025
 2 files changed, 4 insertions(+)
[master f9de4fb] updated on Sun Jul 27 02:54:17 PM IST 2025
 6 files changed, 21 insertions(+), 2 deletions(-)
[master 6abed84] updated on Sun Jul 27 11:24:07 PM IST 2025
 20 files changed, 149 insertions(+), 48 deletions(-)
 create mode 100644 .cache/clangd/index/cell.c.0E5BC769D00428F0.idx
 create mode 100644 .cache/clangd/index/cell.h.75D3C09135BACE01.idx
 create mode 100644 .cache/clangd/index/macro.h.BEE47F652F03E08A.idx
 create mode 100644 .cache/clangd/index/main.c.CC5CF3AFC51B1873.idx
 create mode 100644 .cache/clangd/index/matrix.c.08AE70CE8FFE7D41.idx
 create mode 100644 .cache/clangd/index/matrix.h.D02E9801D7181766.idx
 create mode 100644 .cache/clangd/index/window.c.F28C00054539088C.idx
 create mode 100644 .cache/clangd/index/window.h.AC9D97B50FC38181.idx
 create mode 100644 compile_commands.json
[master 6be1826] updated on Mon Jul 28 12:33:33 PM IST 2025
 12 files changed, 24 insertions(+), 47 deletions(-)
[master 61a4d28] updated on Mon Jul 28 12:42:09 PM IST 2025
 13 files changed, 16 insertions(+), 101 deletions(-)
[master 6d273a1] updated on Mon Jul 28 12:51:08 PM IST 2025
 4 files changed, 5 insertions(+)
 create mode 100644 list.c
 create mode 100644 list.h
[master 319fb97] updated on Tue Jul 29 01:43:00 PM IST 2025
 14 files changed, 270 insertions(+), 11 deletions(-)
 create mode 100644 include/list.h
[master 7d9bbbe] updated on Tue Jul 29 02:04:38 PM IST 2025
 6 files changed, 25 insertions(+), 2 deletions(-)
[master 5d3fc2c] updated on Tue Jul 29 02:43:47 PM IST 2025
 9 files changed, 38 insertions(+), 10 deletions(-)
[master 0ee5908] updated on Tue Jul 29 02:48:45 PM IST 2025
 3 files changed, 4 insertions(+), 1 deletion(-)
[master 68c1f34] updated on Tue Jul 29 02:51:55 PM IST 2025
 5 files changed, 5 insertions(+)
[master 8d0d4ab] updated on Tue Jul 29 02:53:21 PM IST 2025
 3 files changed, 5 insertions(+), 1 deletion(-)
[master 7990526] updated on Tue Jul 29 11:04:31 PM IST 2025
 15 files changed, 65 insertions(+), 21 deletions(-)
 create mode 100644 .cache/clangd/index/Macro.h.A75B1ED7665854F8.idx
 create mode 100644 .cache/clangd/index/list.h.016C3C28A7323E50.idx
 create mode 100644 .cache/clangd/index/matrix.h.EC27856465D17562.idx
 create mode 100644 .cache/clangd/index/utils.h.05889A04DEDA59B4.idx
[master 8ec4936] updated on Wed Jul 30 10:58:20 PM IST 2025
 18 files changed, 150 insertions(+), 47 deletions(-)
[master b0a7e5c] updated on Thu Jul 31 01:33:17 PM IST 2025
 12 files changed, 50 insertions(+), 17 deletions(-)
[master 2159866] updated on Thu Jul 31 08:34:55 PM IST 2025
 17 files changed, 77 insertions(+), 38 deletions(-)
[master d85566f] updated on Mon Aug  4 09:59:34 PM IST 2025
 14 files changed, 252 insertions(+), 4 deletions(-)
 create mode 100644 ide.vim
[master a777be3] updated on Mon Aug  4 10:01:42 PM IST 2025
 2 files changed, 11 insertions(+)
[master 885d2f4] updated on Tue Aug  5 09:44:23 PM IST 2025
 11 files changed, 7 insertions(+), 12 deletions(-)
[master 4d38e29] updated on Fri Aug  8 10:25:26 PM IST 2025
 20 files changed, 89 insertions(+), 10 deletions(-)
 create mode 100644 .cache/clangd/index/font.h.984EC2BC34A4078B.idx
 create mode 100644 build/font.o
 create mode 100644 include/font.h
 create mode 100644 res/acer.ttf
 create mode 100644 res/ubuntu.ttf
 create mode 100644 res/vga.ttf
 create mode 100644 src/font.c
 create mode 100644 src/vga.ttf
[master 53f1c55] updated on Mon Aug 11 06:45:41 AM IST 2025
 9 files changed, 33 insertions(+), 12 deletions(-)
