Identity added: /home/om/.ssh/id_rsa (kuldeepbuke@proton.me)
To github.com:omiiGit/cellular-autometa.git
   52a42a5..9e748ff  master -> master
To github.com:omiiGit/cellular-autometa.git
   9e748ff..2a1445f  master -> master
To github.com:omiiGit/cellular-autometa.git
   2599566..c36169c  master -> master
To github.com:omiiGit/cellular-autometa.git
   c36169c..fcc64e9  master -> master
To github.com:omiiGit/cellular-autometa.git
   fcc64e9..974f9ef  master -> master
To github.com:omiiGit/cellular-autometa.git
   974f9ef..b374b81  master -> master
To github.com:omiiGit/cellular-autometa.git
   b374b81..4ef0bc8  master -> master
To github.com:omiiGit/cellular-autometa.git
   4ef0bc8..f9de4fb  master -> master
git@github.com: Permission denied (publickey).
fatal: Could not read from remote repository.

Please make sure you have the correct access rights
and the repository exists.
To github.com:omiiGit/cellular-autometa.git
   dd184cf..6be1826  master -> master
To github.com:omiiGit/cellular-autometa.git
   6be1826..61a4d28  master -> master
